<?xml version="1.0" encoding="UTF-8"?>
<testsuite xmlns:xsi="http://www.w3.org/2001/XMLSchema-instance" xsi:noNamespaceSchemaLocation="https://maven.apache.org/surefire/maven-surefire-plugin/xsd/surefire-test-report-3.0.xsd" version="3.0" name="poker.HandEvaluatorTest" time="0.066" tests="4" errors="0" skipped="0" failures="0">
  <properties>
[...]
</properties>
  <testcase name="should_identify_flush" classname="poker.HandEvaluatorTest" time="0.038"/>
  <testcase name="should_identify_one_pair" classname="poker.HandEvaluatorTest" time="0.001"/>
  <testcase name="should_select_best_five_from_seven_cards" classname="poker.HandEvaluatorTest" time="0.001"/>
  <testcase name="should_identify_high_card" classname="poker.HandEvaluatorTest" time="0.001"/>
</testsuite>